\BOOKMARK [-1][]{ctitle.-1}{\376\377\127\372\116\216\230\176\133\242\147\011\226\120\164\006\140\047\230\204\147\037\166\204\133\232\116\367\116\016\117\233\136\224\224\376\176\323\147\204}{}% 1
\BOOKMARK [0][]{cabstract.0}{\376\377\144\130\000\040\000\040\211\201}{ctitle.-1}% 2
\BOOKMARK [0][]{eabstract.0}{\376\377\000A\000B\000S\000T\000R\000A\000C\000T}{ctitle.-1}% 3
\BOOKMARK [0][]{mulu.0}{\376\377\166\356\000\040\000\040\137\125}{ctitle.-1}% 4
\BOOKMARK [0][]{section*.5}{\376\377\173\054\116\000\172\340\000\040\000\040\176\352\213\272}{ctitle.-1}% 5
\BOOKMARK [1][]{section*.6}{\376\377\0001\000.\0001\000\040\213\376\230\230\200\314\146\157}{section*.5}% 6
\BOOKMARK [1][]{section*.7}{\376\377\0001\000.\0002\000\040\170\024\172\166\141\017\116\111}{section*.5}% 7
\BOOKMARK [2][]{section*.8}{\376\377\0001\000.\0002\000.\0001\000\040\167\355\145\207\147\054\000-\167\355\145\207\147\054\123\071\221\115}{section*.7}% 8
\BOOKMARK [2][]{section*.9}{\376\377\0001\000.\0002\000.\0002\000\040\167\355\145\207\147\054\000-\225\177\145\207\147\054\123\071\221\115}{section*.7}% 9
\BOOKMARK [2][]{section*.10}{\376\377\0001\000.\0002\000.\0003\000\040\225\177\145\207\147\054\000-\225\177\145\207\147\054\123\071\221\115}{section*.7}% 10
\BOOKMARK [1][]{section*.11}{\376\377\0001\000.\0003\000\040\170\024\172\166\121\205\133\271}{section*.5}% 11
\BOOKMARK [1][]{section*.12}{\376\377\0001\000.\0004\000\040\147\054\145\207\176\304\176\307\176\323\147\204}{section*.5}% 12
\BOOKMARK [0][]{section*.13}{\376\377\173\054\116\214\172\340\000\040\000\040\166\370\121\163\135\345\117\134\116\016\126\375\121\205\131\026\170\024\172\166\163\260\162\266}{ctitle.-1}% 13
\BOOKMARK [1][]{section*.14}{\376\377\0002\000.\0001\000\040\145\207\147\054\123\071\221\115\170\024\172\166\166\370\121\163\135\345\117\134}{section*.13}% 14
\BOOKMARK [1][]{section*.23}{\376\377\0002\000.\0002\000\040\137\072\123\026\133\146\116\140\170\024\172\166\163\260\162\266}{section*.13}% 15
\BOOKMARK [1][]{section*.27}{\376\377\0002\000.\0003\000\040\147\054\172\340\134\017\176\323}{section*.13}% 16
\BOOKMARK [0][]{section*.28}{\376\377\173\054\116\011\172\340\000\040\000\040\145\207\147\054\123\071\221\115\225\356\230\230}{ctitle.-1}% 17
\BOOKMARK [1][]{section*.29}{\376\377\0003\000.\0001\000\040\145\160\133\146\143\317\217\360}{section*.28}% 18
\BOOKMARK [1][]{section*.31}{\376\377\0003\000.\0002\000\040\146\156\220\032\210\150\150\074\166\204\176\330\122\066\145\271\154\325}{section*.28}% 19
\BOOKMARK [0][]{section*.33}{\376\377\176\323\000\040\213\272}{ctitle.-1}% 20
\BOOKMARK [0][]{section*.36}{\376\377\123\302\200\003\145\207\163\056}{ctitle.-1}% 21
\BOOKMARK [0][]{section*.38}{\376\377\131\026\145\207\215\104\145\231}{ctitle.-1}% 22
\BOOKMARK [0][]{section*.40}{\376\377\116\055\145\207\213\321\145\207}{ctitle.-1}% 23
\BOOKMARK [0][]{section*.42}{\376\377\201\364\000\040\214\042}{ctitle.-1}% 24
